<?xml version="1.0" encoding="UTF-8"?>
<testsuite xmlns:xsi="http://www.w3.org/2001/XMLSchema-instance" xsi:noNamespaceSchemaLocation="https://maven.apache.org/surefire/maven-surefire-plugin/xsd/surefire-test-report.xsd" name="com.springboot.webflux.app.SpringBootWebfluxApirestApplicationTests" time="3.313" tests="6" errors="0" skipped="0" failures="0">
  <properties>
[...]
</properties>
  <testcase name="editarTest" classname="com.springboot.webflux.app.SpringBootWebfluxApirestApplicationTests" time="0.649"/>
  <testcase name="verTest" classname="com.springboot.webflux.app.SpringBootWebfluxApirestApplicationTests" time="0.044"/>
  <testcase name="crearTest" classname="com.springboot.webflux.app.SpringBootWebfluxApirestApplicationTests" time="0.05"/>
  <testcase name="listarTest" classname="com.springboot.webflux.app.SpringBootWebfluxApirestApplicationTests" time="0.039"/>
  <testcase name="eliminarTest" classname="com.springboot.webflux.app.SpringBootWebfluxApirestApplicationTests" time="0.017"/>
  <testcase name="crear2Test" classname="com.springboot.webflux.app.SpringBootWebfluxApirestApplicationTests" time="0.021"/>
</testsuite>